Determining if the pthread_create exist failed with the following output:
Change Dir: /home/zhu/zzwproject/hezhangzhi_old/RiverAnalysis/build/CMakeFiles/CMakeTmp

Run Build Command:"/usr/bin/make" "cmTC_5ad2f/fast"
/usr/bin/make -f CMakeFiles/cmTC_5ad2f.dir/build.make CMakeFiles/cmTC_5ad2f.dir/build
make[1]: Entering directory '/home/zhu/zzwproject/hezhangzhi_old/RiverAnalysis/build/CMakeFiles/CMakeTmp'
Building C object CMakeFiles/cmTC_5ad2f.dir/CheckSymbolExists.c.o
/usr/bin/cc     -o CMakeFiles/cmTC_5ad2f.dir/CheckSymbolExists.c.o   -c /home/zhu/zzwproject/hezhangzhi_old/RiverAnalysis/build/CMakeFiles/CMakeTmp/CheckSymbolExists.c
Linking C executable cmTC_5ad2f
/usr/bin/cmake -E cmake_link_script CMakeFiles/cmTC_5ad2f.dir/link.txt --verbose=1
/usr/bin/cc       CMakeFiles/cmTC_5ad2f.dir/CheckSymbolExists.c.o  -o cmTC_5ad2f 
CMakeFiles/cmTC_5ad2f.dir/CheckSymbolExists.c.o：在函数‘main’中：
CheckSymbolExists.c:(.text+0x16)：对‘pthread_create’未定义的引用
collect2: error: ld returned 1 exit status
CMakeFiles/cmTC_5ad2f.dir/build.make:97: recipe for target 'cmTC_5ad2f' failed
make[1]: *** [cmTC_5ad2f] Error 1
make[1]: Leaving directory '/home/zhu/zzwproject/hezhangzhi_old/RiverAnalysis/build/CMakeFiles/CMakeTmp'
Makefile:126: recipe for target 'cmTC_5ad2f/fast' failed
make: *** [cmTC_5ad2f/fast] Error 2

File /home/zhu/zzwproject/hezhangzhi_old/RiverAnalysis/build/CMakeFiles/CMakeTmp/CheckSymbolExists.c:
/* */
#include <pthread.h>

int main(int argc, char** argv)
{
  (void)argv;
#ifndef pthread_create
  return ((int*)(&pthread_create))[argc];
#else
  (void)argc;
  return 0;
#endif
}

Determining if the function pthread_create exists in the pthreads failed with the following output:
Change Dir: /home/zhu/zzwproject/hezhangzhi_old/RiverAnalysis/build/CMakeFiles/CMakeTmp

Run Build Command:"/usr/bin/make" "cmTC_4581a/fast"
/usr/bin/make -f CMakeFiles/cmTC_4581a.dir/build.make CMakeFiles/cmTC_4581a.dir/build
make[1]: Entering directory '/home/zhu/zzwproject/hezhangzhi_old/RiverAnalysis/build/CMakeFiles/CMakeTmp'
Building C object CMakeFiles/cmTC_4581a.dir/CheckFunctionExists.c.o
/usr/bin/cc    -DCHECK_FUNCTION_EXISTS=pthread_create   -o CMakeFiles/cmTC_4581a.dir/CheckFunctionExists.c.o   -c /usr/share/cmake-3.5/Modules/CheckFunctionExists.c
Linking C executable cmTC_4581a
/usr/bin/cmake -E cmake_link_script CMakeFiles/cmTC_4581a.dir/link.txt --verbose=1
/usr/bin/cc   -DCHECK_FUNCTION_EXISTS=pthread_create    CMakeFiles/cmTC_4581a.dir/CheckFunctionExists.c.o  -o cmTC_4581a -lpthreads 
/usr/bin/ld: 找不到 -lpthreads
collect2: error: ld returned 1 exit status
CMakeFiles/cmTC_4581a.dir/build.make:97: recipe for target 'cmTC_4581a' failed
make[1]: *** [cmTC_4581a] Error 1
make[1]: Leaving directory '/home/zhu/zzwproject/hezhangzhi_old/RiverAnalysis/build/CMakeFiles/CMakeTmp'
Makefile:126: recipe for target 'cmTC_4581a/fast' failed
make: *** [cmTC_4581a/fast] Error 2


